<?xml version="1.0" encoding="UTF-8"?>
<!-- Generated by org.testng.reporters.JUnitXMLReporter -->
<testsuite hostname="Kutung-Pc-34.local" name="Sprint1-Starting phase" tests="3" failures="0" timestamp="24 Nov 2016 05:45:56 GMT" time="64.179" errors="0">
  <testcase name="InvalidUsername_T_01" time="6.659" classname="testClass.LoginApp"/>
  <testcase name="InvalidPassword_T_02" time="11.229" classname="testClass.LoginApp"/>
  <testcase name="CorrectCredentials03" time="9.778" classname="testClass.LoginApp"/>
</testsuite> <!-- Sprint1-Starting phase -->
