<?xml version="1.0" encoding="UTF-8"?>
<testng-results skipped="0" failed="1" ignored="0" total="2" passed="1">
  <reporter-output>
  </reporter-output>
  <suite name="Flipkart Test Automation" duration-ms="17953" started-at="2017-04-25T06:25:48Z" finished-at="2017-04-25T06:26:06Z">
    <groups>
    </groups>
    <test name="Flipkart Starting phase" duration-ms="17953" started-at="2017-04-25T06:25:48Z" finished-at="2017-04-25T06:26:06Z">
      <class name="testClass.LoginApp">
        <test-method status="PASS" signature="genericSetUp(java.lang.String, java.lang.String, java.lang.String, java.lang.String)[pri:0, instance:testClass.LoginApp@30634e7]" name="genericSetUp" is-config="true" duration-ms="9719" started-at="2017-04-25T11:55:48Z" finished-at="2017-04-25T11:55:57Z">
          <params>
            <param index="0">
              <value>
                <![CDATA[http://maestrosmusic.net/]]>
              </value>
            </param>
            <param index="1">
              <value>
                <![CDATA[CHROME]]>
              </value>
            </param>
            <param index="2">
              <value>
                <![CDATA[localhost]]>
              </value>
            </param>
            <param index="3">
              <value>
                <![CDATA[4444]]>
              </value>
            </param>
          </params>
          <reporter-output>
          </reporter-output>
        </test-method> <!-- genericSetUp -->
        <test-method status="PASS" signature="ContactOptioN_TC_002()[pri:0, instance:testClass.LoginApp@30634e7]" name="ContactOptioN_TC_002" duration-ms="117" started-at="2017-04-25T11:55:57Z" finished-at="2017-04-25T11:55:58Z">
          <reporter-output>
          </reporter-output>
        </test-method> <!-- ContactOptioN_TC_002 -->
        <test-method status="PASS" signature="tearDown()[pri:0, instance:testClass.LoginApp@30634e7]" name="tearDown" is-config="true" duration-ms="422" started-at="2017-04-25T11:55:58Z" finished-at="2017-04-25T11:55:58Z">
          <reporter-output>
          </reporter-output>
        </test-method> <!-- tearDown -->
        <test-method status="PASS" signature="genericSetUp(java.lang.String, java.lang.String, java.lang.String, java.lang.String)[pri:0, instance:testClass.LoginApp@30634e7]" name="genericSetUp" is-config="true" duration-ms="6735" started-at="2017-04-25T11:55:58Z" finished-at="2017-04-25T11:56:05Z">
          <params>
            <param index="0">
              <value>
                <![CDATA[http://maestrosmusic.net/]]>
              </value>
            </param>
            <param index="1">
              <value>
                <![CDATA[CHROME]]>
              </value>
            </param>
            <param index="2">
              <value>
                <![CDATA[localhost]]>
              </value>
            </param>
            <param index="3">
              <value>
                <![CDATA[4444]]>
              </value>
            </param>
          </params>
          <reporter-output>
          </reporter-output>
        </test-method> <!-- genericSetUp -->
        <test-method status="FAIL" signature="HomepageOption_TC_001()[pri:0, instance:testClass.LoginApp@30634e7]" name="HomepageOption_TC_001" duration-ms="138" started-at="2017-04-25T11:56:05Z" finished-at="2017-04-25T11:56:05Z">
          <exception class="java.lang.NullPointerException">
            <full-stacktrace>
              <![CDATA[java.lang.NullPointerException
	at testClass.LoginApp.HomepageOption_TC_001(LoginApp.java:25)
	at sun.reflect.NativeMethodAccessorImpl.invoke0(Native Method)
	at sun.reflect.NativeMethodAccessorImpl.invoke(NativeMethodAccessorImpl.java:57)
	at sun.reflect.DelegatingMethodAccessorImpl.invoke(DelegatingMethodAccessorImpl.java:43)
	at java.lang.reflect.Method.invoke(Method.java:606)
	at org.testng.internal.MethodInvocationHelper.invokeMethod(MethodInvocationHelper.java:104)
	at org.testng.internal.Invoker.invokeMethod(Invoker.java:645)
	at org.testng.internal.Invoker.invokeTestMethod(Invoker.java:851)
	at org.testng.internal.Invoker.invokeTestMethods(Invoker.java:1177)
	at org.testng.internal.TestMethodWorker.invokeTestMethods(TestMethodWorker.java:129)
	at org.testng.internal.TestMethodWorker.run(TestMethodWorker.java:112)
	at org.testng.TestRunner.privateRun(TestRunner.java:756)
	at org.testng.TestRunner.run(TestRunner.java:610)
	at org.testng.SuiteRunner.runTest(SuiteRunner.java:387)
	at org.testng.SuiteRunner.access$000(SuiteRunner.java:39)
	at org.testng.SuiteRunner$SuiteWorker.run(SuiteRunner.java:421)
	at org.testng.internal.thread.ThreadUtil$2.call(ThreadUtil.java:64)
	at java.util.concurrent.FutureTask.run(FutureTask.java:262)
	at java.util.concurrent.ThreadPoolExecutor.runWorker(ThreadPoolExecutor.java:1145)
	at java.util.concurrent.ThreadPoolExecutor$Worker.run(ThreadPoolExecutor.java:615)
	at java.lang.Thread.run(Thread.java:745)
]]>
            </full-stacktrace>
          </exception> <!-- java.lang.NullPointerException -->
          <reporter-output>
          </reporter-output>
        </test-method> <!-- HomepageOption_TC_001 -->
        <test-method status="PASS" signature="tearDown()[pri:0, instance:testClass.LoginApp@30634e7]" name="tearDown" is-config="true" duration-ms="466" started-at="2017-04-25T11:56:05Z" finished-at="2017-04-25T11:56:06Z">
          <reporter-output>
          </reporter-output>
        </test-method> <!-- tearDown -->
      </class> <!-- testClass.LoginApp -->
    </test> <!-- Flipkart Starting phase -->
  </suite> <!-- Flipkart Test Automation -->
</testng-results>
